c:\users\administrator\desktop\새 폴더\framework 04-26 13시 33분 명령패턴 icommaneactor\framework 04-25 22시2분 명령패턴\legend_of_zelda\debug\legend_of_zelda.pch
c:\users\administrator\desktop\새 폴더\framework 04-26 13시 33분 명령패턴 icommaneactor\framework 04-25 22시2분 명령패턴\legend_of_zelda\debug\vc140.pdb
c:\users\administrator\desktop\새 폴더\framework 04-26 13시 33분 명령패턴 icommaneactor\framework 04-25 22시2분 명령패턴\legend_of_zelda\debug\vc140.idb
c:\users\administrator\desktop\새 폴더\framework 04-26 13시 33분 명령패턴 icommaneactor\framework 04-25 22시2분 명령패턴\legend_of_zelda\debug\stdafx.obj
c:\users\administrator\desktop\새 폴더\framework 04-26 13시 33분 명령패턴 icommaneactor\framework 04-25 22시2분 명령패턴\legend_of_zelda\debug\actcommand.obj
c:\users\administrator\desktop\새 폴더\framework 04-26 13시 33분 명령패턴 icommaneactor\framework 04-25 22시2분 명령패턴\legend_of_zelda\debug\actmgr.obj
c:\users\administrator\desktop\새 폴더\framework 04-26 13시 33분 명령패턴 icommaneactor\framework 04-25 22시2분 명령패턴\legend_of_zelda\debug\att.obj
c:\users\administrator\desktop\새 폴더\framework 04-26 13시 33분 명령패턴 icommaneactor\framework 04-25 22시2분 명령패턴\legend_of_zelda\debug\collisionmgr.obj
c:\users\administrator\desktop\새 폴더\framework 04-26 13시 33분 명령패턴 icommaneactor\framework 04-25 22시2분 명령패턴\legend_of_zelda\debug\idle.obj
c:\users\administrator\desktop\새 폴더\framework 04-26 13시 33분 명령패턴 icommaneactor\framework 04-25 22시2분 명령패턴\legend_of_zelda\debug\jump.obj
c:\users\administrator\desktop\새 폴더\framework 04-26 13시 33분 명령패턴 icommaneactor\framework 04-25 22시2분 명령패턴\legend_of_zelda\debug\keymgr.obj
c:\users\administrator\desktop\새 폴더\framework 04-26 13시 33분 명령패턴 icommaneactor\framework 04-25 22시2분 명령패턴\legend_of_zelda\debug\legend_of_zelda.obj
c:\users\administrator\desktop\새 폴더\framework 04-26 13시 33분 명령패턴 icommaneactor\framework 04-25 22시2분 명령패턴\legend_of_zelda\debug\line.obj
c:\users\administrator\desktop\새 폴더\framework 04-26 13시 33분 명령패턴 icommaneactor\framework 04-25 22시2분 명령패턴\legend_of_zelda\debug\linemgr.obj
c:\users\administrator\desktop\새 폴더\framework 04-26 13시 33분 명령패턴 icommaneactor\framework 04-25 22시2분 명령패턴\legend_of_zelda\debug\maingame.obj
c:\users\administrator\desktop\새 폴더\framework 04-26 13시 33분 명령패턴 icommaneactor\framework 04-25 22시2분 명령패턴\legend_of_zelda\debug\monster.obj
c:\users\administrator\desktop\새 폴더\framework 04-26 13시 33분 명령패턴 icommaneactor\framework 04-25 22시2분 명령패턴\legend_of_zelda\debug\move.obj
c:\users\administrator\desktop\새 폴더\framework 04-26 13시 33분 명령패턴 icommaneactor\framework 04-25 22시2분 명령패턴\legend_of_zelda\debug\obj.obj
c:\users\administrator\desktop\새 폴더\framework 04-26 13시 33분 명령패턴 icommaneactor\framework 04-25 22시2분 명령패턴\legend_of_zelda\debug\objmgr.obj
c:\users\administrator\desktop\새 폴더\framework 04-26 13시 33분 명령패턴 icommaneactor\framework 04-25 22시2분 명령패턴\legend_of_zelda\debug\player.obj
c:\users\administrator\desktop\새 폴더\framework 04-26 13시 33분 명령패턴 icommaneactor\framework 04-25 22시2분 명령패턴\legend_of_zelda\debug\savefield.obj
c:\users\administrator\desktop\새 폴더\framework 04-26 13시 33분 명령패턴 icommaneactor\framework 04-25 22시2분 명령패턴\legend_of_zelda\debug\statemgr.obj
c:\users\administrator\desktop\새 폴더\framework 04-26 13시 33분 명령패턴 icommaneactor\framework 04-25 22시2분 명령패턴\legend_of_zelda\debug\trapobject.obj
c:\users\administrator\desktop\새 폴더\framework 04-26 13시 33분 명령패턴 icommaneactor\framework 04-25 22시2분 명령패턴\debug\legend_of_zelda.ilk
c:\users\administrator\desktop\새 폴더\framework 04-26 13시 33분 명령패턴 icommaneactor\framework 04-25 22시2분 명령패턴\debug\legend_of_zelda.exe
c:\users\administrator\desktop\새 폴더\framework 04-26 13시 33분 명령패턴 icommaneactor\framework 04-25 22시2분 명령패턴\debug\legend_of_zelda.pdb
c:\users\administrator\desktop\새 폴더\framework 04-26 13시 33분 명령패턴 icommaneactor\framework 04-25 22시2분 명령패턴\legend_of_zelda\debug\legend_of_zelda.res
c:\users\administrator\desktop\새 폴더\framework 04-26 13시 33분 명령패턴 icommaneactor\framework 04-25 22시2분 명령패턴\legend_of_zelda\debug\legend_of_zelda.tlog\cl.command.1.tlog
c:\users\administrator\desktop\새 폴더\framework 04-26 13시 33분 명령패턴 icommaneactor\framework 04-25 22시2분 명령패턴\legend_of_zelda\debug\legend_of_zelda.tlog\cl.read.1.tlog
c:\users\administrator\desktop\새 폴더\framework 04-26 13시 33분 명령패턴 icommaneactor\framework 04-25 22시2분 명령패턴\legend_of_zelda\debug\legend_of_zelda.tlog\cl.write.1.tlog
c:\users\administrator\desktop\새 폴더\framework 04-26 13시 33분 명령패턴 icommaneactor\framework 04-25 22시2분 명령패턴\legend_of_zelda\debug\legend_of_zelda.tlog\link.command.1.tlog
c:\users\administrator\desktop\새 폴더\framework 04-26 13시 33분 명령패턴 icommaneactor\framework 04-25 22시2분 명령패턴\legend_of_zelda\debug\legend_of_zelda.tlog\link.read.1.tlog
c:\users\administrator\desktop\새 폴더\framework 04-26 13시 33분 명령패턴 icommaneactor\framework 04-25 22시2분 명령패턴\legend_of_zelda\debug\legend_of_zelda.tlog\link.write.1.tlog
c:\users\administrator\desktop\새 폴더\framework 04-26 13시 33분 명령패턴 icommaneactor\framework 04-25 22시2분 명령패턴\legend_of_zelda\debug\legend_of_zelda.tlog\rc.command.1.tlog
c:\users\administrator\desktop\새 폴더\framework 04-26 13시 33분 명령패턴 icommaneactor\framework 04-25 22시2분 명령패턴\legend_of_zelda\debug\legend_of_zelda.tlog\rc.read.1.tlog
c:\users\administrator\desktop\새 폴더\framework 04-26 13시 33분 명령패턴 icommaneactor\framework 04-25 22시2분 명령패턴\legend_of_zelda\debug\legend_of_zelda.tlog\rc.write.1.tlog
