  stdafx.cpp
  DeviceMgr.cpp
  FileInfo.cpp
  Line.cpp
  LineMgr.cpp
  MainFrm.cpp
  MapTool.cpp
MapTool.cpp(419): warning C4244: '인수': 'int'에서 'const float'(으)로 변환하면서 데이터가 손실될 수 있습니다.
MapTool.cpp(581): warning C4244: '=': 'int'에서 'float'(으)로 변환하면서 데이터가 손실될 수 있습니다.
MapTool.cpp(594): warning C4244: '=': 'int'에서 'float'(으)로 변환하면서 데이터가 손실될 수 있습니다.
  MiniView.cpp
  MultiTexture.cpp
  MyForm.cpp
  MyMap.cpp
  MyPage1.cpp
  MyPage2.cpp
  MySheet.cpp
  MyTestObj.cpp
MyTestObj.cpp(75): warning C4244: '=': 'UINT'에서 'float'(으)로 변환하면서 데이터가 손실될 수 있습니다.
MyTestObj.cpp(76): warning C4244: '=': 'UINT'에서 'float'(으)로 변환하면서 데이터가 손실될 수 있습니다.
MyTestObj.cpp(137): warning C4244: '인수': 'float'에서 'int'(으)로 변환하면서 데이터가 손실될 수 있습니다.
MyTestObj.cpp(138): warning C4244: '인수': 'float'에서 'int'(으)로 변환하면서 데이터가 손실될 수 있습니다.
MyTestObj.cpp(139): warning C4244: '인수': 'float'에서 'int'(으)로 변환하면서 데이터가 손실될 수 있습니다.
MyTestObj.cpp(140): warning C4244: '인수': 'float'에서 'int'(으)로 변환하면서 데이터가 손실될 수 있습니다.
MyTestObj.cpp(213): warning C4244: '=': 'int'에서 'float'(으)로 변환하면서 데이터가 손실될 수 있습니다.
MyTestObj.cpp(214): warning C4244: '=': 'int'에서 'float'(으)로 변환하면서 데이터가 손실될 수 있습니다.
MyTestObj.cpp(215): warning C4244: '=': 'int'에서 'float'(으)로 변환하면서 데이터가 손실될 수 있습니다.
MyTestObj.cpp(216): warning C4244: '=': 'int'에서 'float'(으)로 변환하면서 데이터가 손실될 수 있습니다.
MyTestObj.cpp(268): warning C4244: '=': 'float'에서 'int'(으)로 변환하면서 데이터가 손실될 수 있습니다.
MyTestObj.cpp(269): warning C4244: '=': 'float'에서 'int'(으)로 변환하면서 데이터가 손실될 수 있습니다.
  PathExtract.cpp
  PopUp.cpp
  SingleTexture.cpp
  Terrain.cpp
  Texture.cpp
  TextureMgr.cpp
  컴파일하고 있습니다...
  Tool.cpp
  ToolDoc.cpp
  ToolView.cpp
ToolView.cpp(159): warning C4244: '초기화 중': 'float'에서 'int'(으)로 변환하면서 데이터가 손실될 수 있습니다.
ToolView.cpp(160): warning C4244: '초기화 중': 'float'에서 'int'(으)로 변환하면서 데이터가 손실될 수 있습니다.
  UnitTool.cpp
  코드를 생성하고 있습니다.
  0 of 2287 functions ( 0.0%) were compiled, the rest were copied from previous compilation.
    0 functions were new in current compilation
    75 functions had inline decision re-evaluated but remain unchanged
  코드를 생성했습니다.
  Tool.vcxproj -> C:\Users\Administrator\Desktop\FrameWork 06-09 18시15분 Client&Shop\Release\Tool.exe
  Tool.vcxproj -> C:\Users\Administrator\Desktop\FrameWork 06-09 18시15분 Client&Shop\Release\Tool.pdb (Full PDB)
