c:\users\administrator.jusin-20180208h\documents\framework 06-06 18시10분 client&damageui\client\debug\legend_of_zelda.pch
c:\users\administrator.jusin-20180208h\documents\framework 06-06 18시10분 client&damageui\client\debug\vc140.pdb
c:\users\administrator.jusin-20180208h\documents\framework 06-06 18시10분 client&damageui\client\debug\vc140.idb
c:\users\administrator.jusin-20180208h\documents\framework 06-06 18시10분 client&damageui\client\debug\stdafx.obj
c:\users\administrator.jusin-20180208h\documents\framework 06-06 18시10분 client&damageui\client\debug\setbutton.obj
c:\users\administrator.jusin-20180208h\documents\framework 06-06 18시10분 client&damageui\client\debug\singletexture.obj
c:\users\administrator.jusin-20180208h\documents\framework 06-06 18시10분 client&damageui\client\debug\skulldog.obj
c:\users\administrator.jusin-20180208h\documents\framework 06-06 18시10분 client&damageui\client\debug\skullsoldier.obj
c:\users\administrator.jusin-20180208h\documents\framework 06-06 18시10분 client&damageui\client\debug\stage.obj
c:\users\administrator.jusin-20180208h\documents\framework 06-06 18시10분 client&damageui\client\debug\startbutton.obj
c:\users\administrator.jusin-20180208h\documents\framework 06-06 18시10분 client&damageui\client\debug\statemgr.obj
c:\users\administrator.jusin-20180208h\documents\framework 06-06 18시10분 client&damageui\client\debug\stopeffect.obj
c:\users\administrator.jusin-20180208h\documents\framework 06-06 18시10분 client&damageui\client\debug\subject.obj
c:\users\administrator.jusin-20180208h\documents\framework 06-06 18시10분 client&damageui\client\debug\terrain.obj
c:\users\administrator.jusin-20180208h\documents\framework 06-06 18시10분 client&damageui\client\debug\texture.obj
c:\users\administrator.jusin-20180208h\documents\framework 06-06 18시10분 client&damageui\client\debug\texturemgr.obj
c:\users\administrator.jusin-20180208h\documents\framework 06-06 18시10분 client&damageui\client\debug\tilemgr.obj
c:\users\administrator.jusin-20180208h\documents\framework 06-06 18시10분 client&damageui\client\debug\timemgr.obj
c:\users\administrator.jusin-20180208h\documents\framework 06-06 18시10분 client&damageui\client\debug\dungeon1.obj
c:\users\administrator.jusin-20180208h\documents\framework 06-06 18시10분 client&damageui\client\debug\trapobject.obj
c:\users\administrator.jusin-20180208h\documents\framework 06-06 18시10분 client&damageui\client\debug\ui.obj
c:\users\administrator.jusin-20180208h\documents\framework 06-06 18시10분 client&damageui\client\debug\uimgr.obj
c:\users\administrator.jusin-20180208h\documents\framework 06-06 18시10분 client&damageui\client\debug\warningeffect.obj
c:\users\administrator.jusin-20180208h\documents\framework 06-06 18시10분 client&damageui\client\debug\weaponshopstage.obj
c:\users\administrator.jusin-20180208h\documents\framework 06-06 18시10분 client&damageui\client\debug\objmgr.obj
c:\users\administrator.jusin-20180208h\documents\framework 06-06 18시10분 client&damageui\client\debug\observer.obj
c:\users\administrator.jusin-20180208h\documents\framework 06-06 18시10분 client&damageui\client\debug\onoffui.obj
c:\users\administrator.jusin-20180208h\documents\framework 06-06 18시10분 client&damageui\client\debug\onoffuimgr.obj
c:\users\administrator.jusin-20180208h\documents\framework 06-06 18시10분 client&damageui\client\debug\player.obj
c:\users\administrator.jusin-20180208h\documents\framework 06-06 18시10분 client&damageui\client\debug\playerdash.obj
c:\users\administrator.jusin-20180208h\documents\framework 06-06 18시10분 client&damageui\client\debug\playerdownjump.obj
c:\users\administrator.jusin-20180208h\documents\framework 06-06 18시10분 client&damageui\client\debug\playerhpbar.obj
c:\users\administrator.jusin-20180208h\documents\framework 06-06 18시10분 client&damageui\client\debug\playerjump.obj
c:\users\administrator.jusin-20180208h\documents\framework 06-06 18시10분 client&damageui\client\debug\playerlookmouse.obj
c:\users\administrator.jusin-20180208h\documents\framework 06-06 18시10분 client&damageui\client\debug\playermoveleft.obj
c:\users\administrator.jusin-20180208h\documents\framework 06-06 18시10분 client&damageui\client\debug\playermoveright.obj
c:\users\administrator.jusin-20180208h\documents\framework 06-06 18시10분 client&damageui\client\debug\pressdown.obj
c:\users\administrator.jusin-20180208h\documents\framework 06-06 18시10분 client&damageui\client\debug\regenring.obj
c:\users\administrator.jusin-20180208h\documents\framework 06-06 18시10분 client&damageui\client\debug\reinforce.obj
c:\users\administrator.jusin-20180208h\documents\framework 06-06 18시10분 client&damageui\client\debug\restaurant.obj
c:\users\administrator.jusin-20180208h\documents\framework 06-06 18시10분 client&damageui\client\debug\savefield.obj
c:\users\administrator.jusin-20180208h\documents\framework 06-06 18시10분 client&damageui\client\debug\scene.obj
c:\users\administrator.jusin-20180208h\documents\framework 06-06 18시10분 client&damageui\client\debug\scenemgr.obj
c:\users\administrator.jusin-20180208h\documents\framework 06-06 18시10분 client&damageui\client\debug\scrollmgr.obj
c:\users\administrator.jusin-20180208h\documents\framework 06-06 18시10분 client&damageui\client\debug\normalsword.obj
c:\users\administrator.jusin-20180208h\documents\framework 06-06 18시10분 client&damageui\client\debug\jump.obj
c:\users\administrator.jusin-20180208h\documents\framework 06-06 18시10분 client&damageui\client\debug\keymgr.obj
c:\users\administrator.jusin-20180208h\documents\framework 06-06 18시10분 client&damageui\client\debug\legend_of_zelda.obj
c:\users\administrator.jusin-20180208h\documents\framework 06-06 18시10분 client&damageui\client\debug\line.obj
c:\users\administrator.jusin-20180208h\documents\framework 06-06 18시10분 client&damageui\client\debug\linemgr.obj
c:\users\administrator.jusin-20180208h\documents\framework 06-06 18시10분 client&damageui\client\debug\logo.obj
c:\users\administrator.jusin-20180208h\documents\framework 06-06 18시10분 client&damageui\client\debug\maingame.obj
c:\users\administrator.jusin-20180208h\documents\framework 06-06 18시10분 client&damageui\client\debug\mainmenu.obj
c:\users\administrator.jusin-20180208h\documents\framework 06-06 18시10분 client&damageui\client\debug\monster.obj
c:\users\administrator.jusin-20180208h\documents\framework 06-06 18시10분 client&damageui\client\debug\monsterhpbar.obj
c:\users\administrator.jusin-20180208h\documents\framework 06-06 18시10분 client&damageui\client\debug\monsterobserver.obj
c:\users\administrator.jusin-20180208h\documents\framework 06-06 18시10분 client&damageui\client\debug\monstersubject.obj
c:\users\administrator.jusin-20180208h\documents\framework 06-06 18시10분 client&damageui\client\debug\mouse.obj
c:\users\administrator.jusin-20180208h\documents\framework 06-06 18시10분 client&damageui\client\debug\moveleft.obj
c:\users\administrator.jusin-20180208h\documents\framework 06-06 18시10분 client&damageui\client\debug\moveright.obj
c:\users\administrator.jusin-20180208h\documents\framework 06-06 18시10분 client&damageui\client\debug\multitexture.obj
c:\users\administrator.jusin-20180208h\documents\framework 06-06 18시10분 client&damageui\client\debug\noanimationimpl.obj
c:\users\administrator.jusin-20180208h\documents\framework 06-06 18시10분 client&damageui\client\debug\normaleffect.obj
c:\users\administrator.jusin-20180208h\documents\framework 06-06 18시10분 client&damageui\client\debug\obj.obj
c:\users\administrator.jusin-20180208h\documents\framework 06-06 18시10분 client&damageui\client\debug\dungeon4.obj
c:\users\administrator.jusin-20180208h\documents\framework 06-06 18시10분 client&damageui\client\debug\dungeongate.obj
c:\users\administrator.jusin-20180208h\documents\framework 06-06 18시10분 client&damageui\client\debug\effect.obj
c:\users\administrator.jusin-20180208h\documents\framework 06-06 18시10분 client&damageui\client\debug\effectimpl.obj
c:\users\administrator.jusin-20180208h\documents\framework 06-06 18시10분 client&damageui\client\debug\enemyhpbar.obj
c:\users\administrator.jusin-20180208h\documents\framework 06-06 18시10분 client&damageui\client\debug\exitbutton.obj
c:\users\administrator.jusin-20180208h\documents\framework 06-06 18시10분 client&damageui\client\debug\field.obj
c:\users\administrator.jusin-20180208h\documents\framework 06-06 18시10분 client&damageui\client\debug\fieldchangeani.obj
c:\users\administrator.jusin-20180208h\documents\framework 06-06 18시10분 client&damageui\client\debug\fieldmgr.obj
c:\users\administrator.jusin-20180208h\documents\framework 06-06 18시10분 client&damageui\client\debug\firesword.obj
c:\users\administrator.jusin-20180208h\documents\framework 06-06 18시10분 client&damageui\client\debug\framemgr.obj
c:\users\administrator.jusin-20180208h\documents\framework 06-06 18시10분 client&damageui\client\debug\hiteffect.obj
c:\users\administrator.jusin-20180208h\documents\framework 06-06 18시10분 client&damageui\client\debug\icepillar.obj
c:\users\administrator.jusin-20180208h\documents\framework 06-06 18시10분 client&damageui\client\debug\icepillareffect.obj
c:\users\administrator.jusin-20180208h\documents\framework 06-06 18시10분 client&damageui\client\debug\idle.obj
c:\users\administrator.jusin-20180208h\documents\framework 06-06 18시10분 client&damageui\client\debug\inventory.obj
c:\users\administrator.jusin-20180208h\documents\framework 06-06 18시10분 client&damageui\client\debug\inventoryicon.obj
c:\users\administrator.jusin-20180208h\documents\framework 06-06 18시10분 client&damageui\client\debug\longattackeffect.obj
c:\users\administrator.jusin-20180208h\documents\framework 06-06 18시10분 client&damageui\client\debug\mainhand.obj
c:\users\administrator.jusin-20180208h\documents\framework 06-06 18시10분 client&damageui\client\debug\meleeattackeffect.obj
c:\users\administrator.jusin-20180208h\documents\framework 06-06 18시10분 client&damageui\client\debug\actmgr.obj
c:\users\administrator.jusin-20180208h\documents\framework 06-06 18시10분 client&damageui\client\debug\alphaanimationimpl.obj
c:\users\administrator.jusin-20180208h\documents\framework 06-06 18시10분 client&damageui\client\debug\animationimpl.obj
c:\users\administrator.jusin-20180208h\documents\framework 06-06 18시10분 client&damageui\client\debug\att.obj
c:\users\administrator.jusin-20180208h\documents\framework 06-06 18시10분 client&damageui\client\debug\bansh.obj
c:\users\administrator.jusin-20180208h\documents\framework 06-06 18시10분 client&damageui\client\debug\banshbullet.obj
c:\users\administrator.jusin-20180208h\documents\framework 06-06 18시10분 client&damageui\client\debug\batbullet.obj
c:\users\administrator.jusin-20180208h\documents\framework 06-06 18시10분 client&damageui\client\debug\boss.obj
c:\users\administrator.jusin-20180208h\documents\framework 06-06 18시10분 client&damageui\client\debug\bossstage.obj
c:\users\administrator.jusin-20180208h\documents\framework 06-06 18시10분 client&damageui\client\debug\buffeffect.obj
c:\users\administrator.jusin-20180208h\documents\framework 06-06 18시10분 client&damageui\client\debug\collisionmgr.obj
c:\users\administrator.jusin-20180208h\documents\framework 06-06 18시10분 client&damageui\client\debug\dash.obj
c:\users\administrator.jusin-20180208h\documents\framework 06-06 18시10분 client&damageui\client\debug\dasheffect.obj
c:\users\administrator.jusin-20180208h\documents\framework 06-06 18시10분 client&damageui\client\debug\devicemgr.obj
c:\users\administrator.jusin-20180208h\documents\framework 06-06 18시10분 client&damageui\client\debug\dungeon.obj
c:\users\administrator.jusin-20180208h\documents\framework 06-06 18시10분 client&damageui\client\debug\dungeon2.obj
c:\users\administrator.jusin-20180208h\documents\framework 06-06 18시10분 client&damageui\client\debug\dungeon3.obj
c:\users\administrator.jusin-20180208h\documents\framework 06-06 18시10분 client&damageui\client\debug\bat.obj
c:\users\administrator.jusin-20180208h\documents\framework 06-06 18시10분 client&damageui\client\debug\subhand.obj
c:\users\administrator.jusin-20180208h\documents\framework 06-06 18시10분 client&damageui\client\debug\magicshield.obj
c:\users\administrator.jusin-20180208h\documents\framework 06-06 18시10분 client&damageui\debug\legend_of_zelda.ilk
c:\users\administrator.jusin-20180208h\documents\framework 06-06 18시10분 client&damageui\debug\legend_of_zelda.exe
c:\users\administrator.jusin-20180208h\documents\framework 06-06 18시10분 client&damageui\debug\legend_of_zelda.pdb
c:\users\administrator.jusin-20180208h\documents\framework 06-06 18시10분 client&damageui\client\debug\legend_of_zelda.res
c:\users\administrator.jusin-20180208h\documents\framework 06-06 18시10분 client&damageui\client\debug\batbullet.obj.enc
c:\users\administrator.jusin-20180208h\documents\framework 06-06 18시10분 client&damageui\client\debug\legend_of_zelda.tlog\cl.command.1.tlog
c:\users\administrator.jusin-20180208h\documents\framework 06-06 18시10분 client&damageui\client\debug\legend_of_zelda.tlog\cl.read.1.tlog
c:\users\administrator.jusin-20180208h\documents\framework 06-06 18시10분 client&damageui\client\debug\legend_of_zelda.tlog\cl.write.1.tlog
c:\users\administrator.jusin-20180208h\documents\framework 06-06 18시10분 client&damageui\client\debug\legend_of_zelda.tlog\link.command.1.tlog
c:\users\administrator.jusin-20180208h\documents\framework 06-06 18시10분 client&damageui\client\debug\legend_of_zelda.tlog\link.read.1.tlog
c:\users\administrator.jusin-20180208h\documents\framework 06-06 18시10분 client&damageui\client\debug\legend_of_zelda.tlog\link.write.1.tlog
c:\users\administrator.jusin-20180208h\documents\framework 06-06 18시10분 client&damageui\client\debug\legend_of_zelda.tlog\rc.command.1.tlog
c:\users\administrator.jusin-20180208h\documents\framework 06-06 18시10분 client&damageui\client\debug\legend_of_zelda.tlog\rc.read.1.tlog
c:\users\administrator.jusin-20180208h\documents\framework 06-06 18시10분 client&damageui\client\debug\legend_of_zelda.tlog\rc.write.1.tlog
