c:\users\administrator.jusin-20180208h\documents\framework 06-06 18시10분 client&damageui\tool\debug\tool.pch
c:\users\administrator.jusin-20180208h\documents\framework 06-06 18시10분 client&damageui\tool\debug\vc140.pdb
c:\users\administrator.jusin-20180208h\documents\framework 06-06 18시10분 client&damageui\tool\debug\vc140.idb
c:\users\administrator.jusin-20180208h\documents\framework 06-06 18시10분 client&damageui\tool\debug\stdafx.obj
c:\users\administrator.jusin-20180208h\documents\framework 06-06 18시10분 client&damageui\tool\debug\mainfrm.obj
c:\users\administrator.jusin-20180208h\documents\framework 06-06 18시10분 client&damageui\tool\debug\maptool.obj
c:\users\administrator.jusin-20180208h\documents\framework 06-06 18시10분 client&damageui\tool\debug\miniview.obj
c:\users\administrator.jusin-20180208h\documents\framework 06-06 18시10분 client&damageui\tool\debug\multitexture.obj
c:\users\administrator.jusin-20180208h\documents\framework 06-06 18시10분 client&damageui\tool\debug\myform.obj
c:\users\administrator.jusin-20180208h\documents\framework 06-06 18시10분 client&damageui\tool\debug\mymap.obj
c:\users\administrator.jusin-20180208h\documents\framework 06-06 18시10분 client&damageui\tool\debug\mypage1.obj
c:\users\administrator.jusin-20180208h\documents\framework 06-06 18시10분 client&damageui\tool\debug\mypage2.obj
c:\users\administrator.jusin-20180208h\documents\framework 06-06 18시10분 client&damageui\tool\debug\mysheet.obj
c:\users\administrator.jusin-20180208h\documents\framework 06-06 18시10분 client&damageui\tool\debug\mytestobj.obj
c:\users\administrator.jusin-20180208h\documents\framework 06-06 18시10분 client&damageui\tool\debug\pathextract.obj
c:\users\administrator.jusin-20180208h\documents\framework 06-06 18시10분 client&damageui\tool\debug\popup.obj
c:\users\administrator.jusin-20180208h\documents\framework 06-06 18시10분 client&damageui\tool\debug\singletexture.obj
c:\users\administrator.jusin-20180208h\documents\framework 06-06 18시10분 client&damageui\tool\debug\terrain.obj
c:\users\administrator.jusin-20180208h\documents\framework 06-06 18시10분 client&damageui\tool\debug\texture.obj
c:\users\administrator.jusin-20180208h\documents\framework 06-06 18시10분 client&damageui\tool\debug\texturemgr.obj
c:\users\administrator.jusin-20180208h\documents\framework 06-06 18시10분 client&damageui\tool\debug\tool.obj
c:\users\administrator.jusin-20180208h\documents\framework 06-06 18시10분 client&damageui\tool\debug\tooldoc.obj
c:\users\administrator.jusin-20180208h\documents\framework 06-06 18시10분 client&damageui\tool\debug\toolview.obj
c:\users\administrator.jusin-20180208h\documents\framework 06-06 18시10분 client&damageui\tool\debug\unittool.obj
c:\users\administrator.jusin-20180208h\documents\framework 06-06 18시10분 client&damageui\tool\debug\devicemgr.obj
c:\users\administrator.jusin-20180208h\documents\framework 06-06 18시10분 client&damageui\tool\debug\fileinfo.obj
c:\users\administrator.jusin-20180208h\documents\framework 06-06 18시10분 client&damageui\tool\debug\line.obj
c:\users\administrator.jusin-20180208h\documents\framework 06-06 18시10분 client&damageui\tool\debug\linemgr.obj
c:\users\administrator.jusin-20180208h\documents\framework 06-06 18시10분 client&damageui\debug\tool.ilk
c:\users\administrator.jusin-20180208h\documents\framework 06-06 18시10분 client&damageui\debug\tool.exe
c:\users\administrator.jusin-20180208h\documents\framework 06-06 18시10분 client&damageui\debug\tool.pdb
c:\users\administrator.jusin-20180208h\documents\framework 06-06 18시10분 client&damageui\tool\debug\tool.res
c:\users\administrator.jusin-20180208h\documents\framework 06-06 18시10분 client&damageui\tool\debug\tool.tlog\cl.command.1.tlog
c:\users\administrator.jusin-20180208h\documents\framework 06-06 18시10분 client&damageui\tool\debug\tool.tlog\cl.read.1.tlog
c:\users\administrator.jusin-20180208h\documents\framework 06-06 18시10분 client&damageui\tool\debug\tool.tlog\cl.write.1.tlog
c:\users\administrator.jusin-20180208h\documents\framework 06-06 18시10분 client&damageui\tool\debug\tool.tlog\link.command.1.tlog
c:\users\administrator.jusin-20180208h\documents\framework 06-06 18시10분 client&damageui\tool\debug\tool.tlog\link.read.1.tlog
c:\users\administrator.jusin-20180208h\documents\framework 06-06 18시10분 client&damageui\tool\debug\tool.tlog\link.write.1.tlog
c:\users\administrator.jusin-20180208h\documents\framework 06-06 18시10분 client&damageui\tool\debug\tool.tlog\rc.command.1.tlog
c:\users\administrator.jusin-20180208h\documents\framework 06-06 18시10분 client&damageui\tool\debug\tool.tlog\rc.read.1.tlog
c:\users\administrator.jusin-20180208h\documents\framework 06-06 18시10분 client&damageui\tool\debug\tool.tlog\rc.write.1.tlog
